CRITICAL - 2023-11-16 01:35:41 --> Invalid file: "index.php"
in SYSTEMPATH\Exceptions\FrameworkException.php on line 39.
 1 SYSTEMPATH\View\View.php(216): CodeIgniter\Exceptions\FrameworkException::forInvalidFile('index.php')
 2 SYSTEMPATH\Common.php(1190): CodeIgniter\View\View->render('index', [], true)
 3 APPPATH\Controllers\Main.php(9): view('index')
 4 SYSTEMPATH\CodeIgniter.php(942): App\Controllers\Main->index()
 5 SYSTEMPATH\CodeIgniter.php(502): CodeIgniter\CodeIgniter->runController(Object(App\Controllers\Main))
 6 SYSTEMPATH\CodeIgniter.php(361): CodeIgniter\CodeIgniter->handleRequest(null, Object(Config\Cache), false)
 7 FCPATH\index.php(79): CodeIgniter\CodeIgniter->run()
 8 SYSTEMPATH\Commands\Server\rewrite.php(47): require_once('D:\\XAMPP - NEW2023\\XAMPP\\htdocs\\PPOB-Eddy\\public\\index.php')
CRITICAL - 2023-11-16 01:38:46 --> Invalid file: "layouts/default.php"
in SYSTEMPATH\Exceptions\FrameworkException.php on line 39.
 1 SYSTEMPATH\View\View.php(216): CodeIgniter\Exceptions\FrameworkException::forInvalidFile('layouts/default.php')
 2 SYSTEMPATH\View\View.php(244): CodeIgniter\View\View->render('layouts/default', [], true)
 3 SYSTEMPATH\Common.php(1190): CodeIgniter\View\View->render('dashboard/index', [], true)
 4 APPPATH\Controllers\Main.php(9): view('dashboard/index')
 5 SYSTEMPATH\CodeIgniter.php(942): App\Controllers\Main->index()
 6 SYSTEMPATH\CodeIgniter.php(502): CodeIgniter\CodeIgniter->runController(Object(App\Controllers\Main))
 7 SYSTEMPATH\CodeIgniter.php(361): CodeIgniter\CodeIgniter->handleRequest(null, Object(Config\Cache), false)
 8 FCPATH\index.php(79): CodeIgniter\CodeIgniter->run()
 9 SYSTEMPATH\Commands\Server\rewrite.php(47): require_once('D:\\XAMPP - NEW2023\\XAMPP\\htdocs\\PPOB-Eddy\\public\\index.php')
CRITICAL - 2023-11-16 01:38:48 --> Invalid file: "layouts/default.php"
in SYSTEMPATH\Exceptions\FrameworkException.php on line 39.
 1 SYSTEMPATH\View\View.php(216): CodeIgniter\Exceptions\FrameworkException::forInvalidFile('layouts/default.php')
 2 SYSTEMPATH\View\View.php(244): CodeIgniter\View\View->render('layouts/default', [], true)
 3 SYSTEMPATH\Common.php(1190): CodeIgniter\View\View->render('dashboard/index', [], true)
 4 APPPATH\Controllers\Main.php(9): view('dashboard/index')
 5 SYSTEMPATH\CodeIgniter.php(942): App\Controllers\Main->index()
 6 SYSTEMPATH\CodeIgniter.php(502): CodeIgniter\CodeIgniter->runController(Object(App\Controllers\Main))
 7 SYSTEMPATH\CodeIgniter.php(361): CodeIgniter\CodeIgniter->handleRequest(null, Object(Config\Cache), false)
 8 FCPATH\index.php(79): CodeIgniter\CodeIgniter->run()
 9 SYSTEMPATH\Commands\Server\rewrite.php(47): require_once('D:\\XAMPP - NEW2023\\XAMPP\\htdocs\\PPOB-Eddy\\public\\index.php')
CRITICAL - 2023-11-16 01:38:48 --> Invalid file: "layouts/default.php"
in SYSTEMPATH\Exceptions\FrameworkException.php on line 39.
 1 SYSTEMPATH\View\View.php(216): CodeIgniter\Exceptions\FrameworkException::forInvalidFile('layouts/default.php')
 2 SYSTEMPATH\View\View.php(244): CodeIgniter\View\View->render('layouts/default', [], true)
 3 SYSTEMPATH\Common.php(1190): CodeIgniter\View\View->render('dashboard/index', [], true)
 4 APPPATH\Controllers\Main.php(9): view('dashboard/index')
 5 SYSTEMPATH\CodeIgniter.php(942): App\Controllers\Main->index()
 6 SYSTEMPATH\CodeIgniter.php(502): CodeIgniter\CodeIgniter->runController(Object(App\Controllers\Main))
 7 SYSTEMPATH\CodeIgniter.php(361): CodeIgniter\CodeIgniter->handleRequest(null, Object(Config\Cache), false)
 8 FCPATH\index.php(79): CodeIgniter\CodeIgniter->run()
 9 SYSTEMPATH\Commands\Server\rewrite.php(47): require_once('D:\\XAMPP - NEW2023\\XAMPP\\htdocs\\PPOB-Eddy\\public\\index.php')
CRITICAL - 2023-11-16 01:38:53 --> Invalid file: "layouts/default.php"
in SYSTEMPATH\Exceptions\FrameworkException.php on line 39.
 1 SYSTEMPATH\View\View.php(216): CodeIgniter\Exceptions\FrameworkException::forInvalidFile('layouts/default.php')
 2 SYSTEMPATH\View\View.php(244): CodeIgniter\View\View->render('layouts/default', [], true)
 3 SYSTEMPATH\Common.php(1190): CodeIgniter\View\View->render('dashboard/index', [], true)
 4 APPPATH\Controllers\Main.php(9): view('dashboard/index')
 5 SYSTEMPATH\CodeIgniter.php(942): App\Controllers\Main->index()
 6 SYSTEMPATH\CodeIgniter.php(502): CodeIgniter\CodeIgniter->runController(Object(App\Controllers\Main))
 7 SYSTEMPATH\CodeIgniter.php(361): CodeIgniter\CodeIgniter->handleRequest(null, Object(Config\Cache), false)
 8 FCPATH\index.php(79): CodeIgniter\CodeIgniter->run()
 9 SYSTEMPATH\Commands\Server\rewrite.php(47): require_once('D:\\XAMPP - NEW2023\\XAMPP\\htdocs\\PPOB-Eddy\\public\\index.php')
CRITICAL - 2023-11-16 01:38:55 --> Invalid file: "layouts/default.php"
in SYSTEMPATH\Exceptions\FrameworkException.php on line 39.
 1 SYSTEMPATH\View\View.php(216): CodeIgniter\Exceptions\FrameworkException::forInvalidFile('layouts/default.php')
 2 SYSTEMPATH\View\View.php(244): CodeIgniter\View\View->render('layouts/default', [], true)
 3 SYSTEMPATH\Common.php(1190): CodeIgniter\View\View->render('dashboard/index', [], true)
 4 APPPATH\Controllers\Main.php(9): view('dashboard/index')
 5 SYSTEMPATH\CodeIgniter.php(942): App\Controllers\Main->index()
 6 SYSTEMPATH\CodeIgniter.php(502): CodeIgniter\CodeIgniter->runController(Object(App\Controllers\Main))
 7 SYSTEMPATH\CodeIgniter.php(361): CodeIgniter\CodeIgniter->handleRequest(null, Object(Config\Cache), false)
 8 FCPATH\index.php(79): CodeIgniter\CodeIgniter->run()
 9 SYSTEMPATH\Commands\Server\rewrite.php(47): require_once('D:\\XAMPP - NEW2023\\XAMPP\\htdocs\\PPOB-Eddy\\public\\index.php')
CRITICAL - 2023-11-16 01:39:05 --> Invalid file: "layouts/default.php"
in SYSTEMPATH\Exceptions\FrameworkException.php on line 39.
 1 SYSTEMPATH\View\View.php(216): CodeIgniter\Exceptions\FrameworkException::forInvalidFile('layouts/default.php')
 2 SYSTEMPATH\View\View.php(244): CodeIgniter\View\View->render('layouts/default', [], true)
 3 SYSTEMPATH\Common.php(1190): CodeIgniter\View\View->render('dashboard/index', [], true)
 4 APPPATH\Controllers\Main.php(9): view('dashboard/index')
 5 SYSTEMPATH\CodeIgniter.php(942): App\Controllers\Main->index()
 6 SYSTEMPATH\CodeIgniter.php(502): CodeIgniter\CodeIgniter->runController(Object(App\Controllers\Main))
 7 SYSTEMPATH\CodeIgniter.php(361): CodeIgniter\CodeIgniter->handleRequest(null, Object(Config\Cache), false)
 8 FCPATH\index.php(79): CodeIgniter\CodeIgniter->run()
 9 SYSTEMPATH\Commands\Server\rewrite.php(47): require_once('D:\\XAMPP - NEW2023\\XAMPP\\htdocs\\PPOB-Eddy\\public\\index.php')
CRITICAL - 2023-11-16 01:39:06 --> Invalid file: "layouts/default.php"
in SYSTEMPATH\Exceptions\FrameworkException.php on line 39.
 1 SYSTEMPATH\View\View.php(216): CodeIgniter\Exceptions\FrameworkException::forInvalidFile('layouts/default.php')
 2 SYSTEMPATH\View\View.php(244): CodeIgniter\View\View->render('layouts/default', [], true)
 3 SYSTEMPATH\Common.php(1190): CodeIgniter\View\View->render('dashboard/index', [], true)
 4 APPPATH\Controllers\Main.php(9): view('dashboard/index')
 5 SYSTEMPATH\CodeIgniter.php(942): App\Controllers\Main->index()
 6 SYSTEMPATH\CodeIgniter.php(502): CodeIgniter\CodeIgniter->runController(Object(App\Controllers\Main))
 7 SYSTEMPATH\CodeIgniter.php(361): CodeIgniter\CodeIgniter->handleRequest(null, Object(Config\Cache), false)
 8 FCPATH\index.php(79): CodeIgniter\CodeIgniter->run()
 9 SYSTEMPATH\Commands\Server\rewrite.php(47): require_once('D:\\XAMPP - NEW2023\\XAMPP\\htdocs\\PPOB-Eddy\\public\\index.php')
CRITICAL - 2023-11-16 01:39:07 --> Invalid file: "layouts/default.php"
in SYSTEMPATH\Exceptions\FrameworkException.php on line 39.
 1 SYSTEMPATH\View\View.php(216): CodeIgniter\Exceptions\FrameworkException::forInvalidFile('layouts/default.php')
 2 SYSTEMPATH\View\View.php(244): CodeIgniter\View\View->render('layouts/default', [], true)
 3 SYSTEMPATH\Common.php(1190): CodeIgniter\View\View->render('dashboard/index', [], true)
 4 APPPATH\Controllers\Main.php(9): view('dashboard/index')
 5 SYSTEMPATH\CodeIgniter.php(942): App\Controllers\Main->index()
 6 SYSTEMPATH\CodeIgniter.php(502): CodeIgniter\CodeIgniter->runController(Object(App\Controllers\Main))
 7 SYSTEMPATH\CodeIgniter.php(361): CodeIgniter\CodeIgniter->handleRequest(null, Object(Config\Cache), false)
 8 FCPATH\index.php(79): CodeIgniter\CodeIgniter->run()
 9 SYSTEMPATH\Commands\Server\rewrite.php(47): require_once('D:\\XAMPP - NEW2023\\XAMPP\\htdocs\\PPOB-Eddy\\public\\index.php')
CRITICAL - 2023-11-16 01:39:08 --> Invalid file: "layouts/default.php"
in SYSTEMPATH\Exceptions\FrameworkException.php on line 39.
 1 SYSTEMPATH\View\View.php(216): CodeIgniter\Exceptions\FrameworkException::forInvalidFile('layouts/default.php')
 2 SYSTEMPATH\View\View.php(244): CodeIgniter\View\View->render('layouts/default', [], true)
 3 SYSTEMPATH\Common.php(1190): CodeIgniter\View\View->render('dashboard/index', [], true)
 4 APPPATH\Controllers\Main.php(9): view('dashboard/index')
 5 SYSTEMPATH\CodeIgniter.php(942): App\Controllers\Main->index()
 6 SYSTEMPATH\CodeIgniter.php(502): CodeIgniter\CodeIgniter->runController(Object(App\Controllers\Main))
 7 SYSTEMPATH\CodeIgniter.php(361): CodeIgniter\CodeIgniter->handleRequest(null, Object(Config\Cache), false)
 8 FCPATH\index.php(79): CodeIgniter\CodeIgniter->run()
 9 SYSTEMPATH\Commands\Server\rewrite.php(47): require_once('D:\\XAMPP - NEW2023\\XAMPP\\htdocs\\PPOB-Eddy\\public\\index.php')
CRITICAL - 2023-11-16 01:39:08 --> Invalid file: "layouts/default.php"
in SYSTEMPATH\Exceptions\FrameworkException.php on line 39.
 1 SYSTEMPATH\View\View.php(216): CodeIgniter\Exceptions\FrameworkException::forInvalidFile('layouts/default.php')
 2 SYSTEMPATH\View\View.php(244): CodeIgniter\View\View->render('layouts/default', [], true)
 3 SYSTEMPATH\Common.php(1190): CodeIgniter\View\View->render('dashboard/index', [], true)
 4 APPPATH\Controllers\Main.php(9): view('dashboard/index')
 5 SYSTEMPATH\CodeIgniter.php(942): App\Controllers\Main->index()
 6 SYSTEMPATH\CodeIgniter.php(502): CodeIgniter\CodeIgniter->runController(Object(App\Controllers\Main))
 7 SYSTEMPATH\CodeIgniter.php(361): CodeIgniter\CodeIgniter->handleRequest(null, Object(Config\Cache), false)
 8 FCPATH\index.php(79): CodeIgniter\CodeIgniter->run()
 9 SYSTEMPATH\Commands\Server\rewrite.php(47): require_once('D:\\XAMPP - NEW2023\\XAMPP\\htdocs\\PPOB-Eddy\\public\\index.php')
CRITICAL - 2023-11-16 01:40:09 --> Call to undefined method App\Controllers\Main::render()
in APPPATH\Controllers\Main.php on line 17.
 1 SYSTEMPATH\CodeIgniter.php(942): App\Controllers\Main->index()
 2 SYSTEMPATH\CodeIgniter.php(502): CodeIgniter\CodeIgniter->runController(Object(App\Controllers\Main))
 3 SYSTEMPATH\CodeIgniter.php(361): CodeIgniter\CodeIgniter->handleRequest(null, Object(Config\Cache), false)
 4 FCPATH\index.php(79): CodeIgniter\CodeIgniter->run()
 5 SYSTEMPATH\Commands\Server\rewrite.php(47): require_once('D:\\XAMPP - NEW2023\\XAMPP\\htdocs\\PPOB-Eddy\\public\\index.php')
CRITICAL - 2023-11-16 01:40:10 --> Call to undefined method App\Controllers\Main::render()
in APPPATH\Controllers\Main.php on line 17.
 1 SYSTEMPATH\CodeIgniter.php(942): App\Controllers\Main->index()
 2 SYSTEMPATH\CodeIgniter.php(502): CodeIgniter\CodeIgniter->runController(Object(App\Controllers\Main))
 3 SYSTEMPATH\CodeIgniter.php(361): CodeIgniter\CodeIgniter->handleRequest(null, Object(Config\Cache), false)
 4 FCPATH\index.php(79): CodeIgniter\CodeIgniter->run()
 5 SYSTEMPATH\Commands\Server\rewrite.php(47): require_once('D:\\XAMPP - NEW2023\\XAMPP\\htdocs\\PPOB-Eddy\\public\\index.php')
CRITICAL - 2023-11-16 01:40:10 --> Call to undefined method App\Controllers\Main::render()
in APPPATH\Controllers\Main.php on line 17.
 1 SYSTEMPATH\CodeIgniter.php(942): App\Controllers\Main->index()
 2 SYSTEMPATH\CodeIgniter.php(502): CodeIgniter\CodeIgniter->runController(Object(App\Controllers\Main))
 3 SYSTEMPATH\CodeIgniter.php(361): CodeIgniter\CodeIgniter->handleRequest(null, Object(Config\Cache), false)
 4 FCPATH\index.php(79): CodeIgniter\CodeIgniter->run()
 5 SYSTEMPATH\Commands\Server\rewrite.php(47): require_once('D:\\XAMPP - NEW2023\\XAMPP\\htdocs\\PPOB-Eddy\\public\\index.php')
CRITICAL - 2023-11-16 01:40:11 --> Call to undefined method App\Controllers\Main::render()
in APPPATH\Controllers\Main.php on line 17.
 1 SYSTEMPATH\CodeIgniter.php(942): App\Controllers\Main->index()
 2 SYSTEMPATH\CodeIgniter.php(502): CodeIgniter\CodeIgniter->runController(Object(App\Controllers\Main))
 3 SYSTEMPATH\CodeIgniter.php(361): CodeIgniter\CodeIgniter->handleRequest(null, Object(Config\Cache), false)
 4 FCPATH\index.php(79): CodeIgniter\CodeIgniter->run()
 5 SYSTEMPATH\Commands\Server\rewrite.php(47): require_once('D:\\XAMPP - NEW2023\\XAMPP\\htdocs\\PPOB-Eddy\\public\\index.php')
CRITICAL - 2023-11-16 01:40:11 --> Call to undefined method App\Controllers\Main::render()
in APPPATH\Controllers\Main.php on line 17.
 1 SYSTEMPATH\CodeIgniter.php(942): App\Controllers\Main->index()
 2 SYSTEMPATH\CodeIgniter.php(502): CodeIgniter\CodeIgniter->runController(Object(App\Controllers\Main))
 3 SYSTEMPATH\CodeIgniter.php(361): CodeIgniter\CodeIgniter->handleRequest(null, Object(Config\Cache), false)
 4 FCPATH\index.php(79): CodeIgniter\CodeIgniter->run()
 5 SYSTEMPATH\Commands\Server\rewrite.php(47): require_once('D:\\XAMPP - NEW2023\\XAMPP\\htdocs\\PPOB-Eddy\\public\\index.php')
CRITICAL - 2023-11-16 01:40:11 --> Call to undefined method App\Controllers\Main::render()
in APPPATH\Controllers\Main.php on line 17.
 1 SYSTEMPATH\CodeIgniter.php(942): App\Controllers\Main->index()
 2 SYSTEMPATH\CodeIgniter.php(502): CodeIgniter\CodeIgniter->runController(Object(App\Controllers\Main))
 3 SYSTEMPATH\CodeIgniter.php(361): CodeIgniter\CodeIgniter->handleRequest(null, Object(Config\Cache), false)
 4 FCPATH\index.php(79): CodeIgniter\CodeIgniter->run()
 5 SYSTEMPATH\Commands\Server\rewrite.php(47): require_once('D:\\XAMPP - NEW2023\\XAMPP\\htdocs\\PPOB-Eddy\\public\\index.php')
CRITICAL - 2023-11-16 01:40:12 --> Call to undefined method App\Controllers\Main::render()
in APPPATH\Controllers\Main.php on line 17.
 1 SYSTEMPATH\CodeIgniter.php(942): App\Controllers\Main->index()
 2 SYSTEMPATH\CodeIgniter.php(502): CodeIgniter\CodeIgniter->runController(Object(App\Controllers\Main))
 3 SYSTEMPATH\CodeIgniter.php(361): CodeIgniter\CodeIgniter->handleRequest(null, Object(Config\Cache), false)
 4 FCPATH\index.php(79): CodeIgniter\CodeIgniter->run()
 5 SYSTEMPATH\Commands\Server\rewrite.php(47): require_once('D:\\XAMPP - NEW2023\\XAMPP\\htdocs\\PPOB-Eddy\\public\\index.php')
CRITICAL - 2023-11-16 01:40:12 --> Call to undefined method App\Controllers\Main::render()
in APPPATH\Controllers\Main.php on line 17.
 1 SYSTEMPATH\CodeIgniter.php(942): App\Controllers\Main->index()
 2 SYSTEMPATH\CodeIgniter.php(502): CodeIgniter\CodeIgniter->runController(Object(App\Controllers\Main))
 3 SYSTEMPATH\CodeIgniter.php(361): CodeIgniter\CodeIgniter->handleRequest(null, Object(Config\Cache), false)
 4 FCPATH\index.php(79): CodeIgniter\CodeIgniter->run()
 5 SYSTEMPATH\Commands\Server\rewrite.php(47): require_once('D:\\XAMPP - NEW2023\\XAMPP\\htdocs\\PPOB-Eddy\\public\\index.php')
CRITICAL - 2023-11-16 01:40:12 --> Call to undefined method App\Controllers\Main::render()
in APPPATH\Controllers\Main.php on line 17.
 1 SYSTEMPATH\CodeIgniter.php(942): App\Controllers\Main->index()
 2 SYSTEMPATH\CodeIgniter.php(502): CodeIgniter\CodeIgniter->runController(Object(App\Controllers\Main))
 3 SYSTEMPATH\CodeIgniter.php(361): CodeIgniter\CodeIgniter->handleRequest(null, Object(Config\Cache), false)
 4 FCPATH\index.php(79): CodeIgniter\CodeIgniter->run()
 5 SYSTEMPATH\Commands\Server\rewrite.php(47): require_once('D:\\XAMPP - NEW2023\\XAMPP\\htdocs\\PPOB-Eddy\\public\\index.php')
CRITICAL - 2023-11-16 01:41:28 --> Call to undefined method App\Controllers\Main::render()
in APPPATH\Controllers\Main.php on line 17.
 1 SYSTEMPATH\CodeIgniter.php(942): App\Controllers\Main->index()
 2 SYSTEMPATH\CodeIgniter.php(502): CodeIgniter\CodeIgniter->runController(Object(App\Controllers\Main))
 3 SYSTEMPATH\CodeIgniter.php(361): CodeIgniter\CodeIgniter->handleRequest(null, Object(Config\Cache), false)
 4 FCPATH\index.php(79): CodeIgniter\CodeIgniter->run()
 5 SYSTEMPATH\Commands\Server\rewrite.php(47): require_once('D:\\XAMPP - NEW2023\\XAMPP\\htdocs\\PPOB-Eddy\\public\\index.php')
CRITICAL - 2023-11-16 01:42:59 --> Call to undefined method App\Controllers\Main::render()
in APPPATH\Controllers\Main.php on line 18.
 1 SYSTEMPATH\CodeIgniter.php(942): App\Controllers\Main->index()
 2 SYSTEMPATH\CodeIgniter.php(502): CodeIgniter\CodeIgniter->runController(Object(App\Controllers\Main))
 3 SYSTEMPATH\CodeIgniter.php(361): CodeIgniter\CodeIgniter->handleRequest(null, Object(Config\Cache), false)
 4 FCPATH\index.php(79): CodeIgniter\CodeIgniter->run()
 5 SYSTEMPATH\Commands\Server\rewrite.php(47): require_once('D:\\XAMPP - NEW2023\\XAMPP\\htdocs\\PPOB-Eddy\\public\\index.php')
CRITICAL - 2023-11-16 01:43:01 --> Call to undefined method App\Controllers\Main::render()
in APPPATH\Controllers\Main.php on line 18.
 1 SYSTEMPATH\CodeIgniter.php(942): App\Controllers\Main->index()
 2 SYSTEMPATH\CodeIgniter.php(502): CodeIgniter\CodeIgniter->runController(Object(App\Controllers\Main))
 3 SYSTEMPATH\CodeIgniter.php(361): CodeIgniter\CodeIgniter->handleRequest(null, Object(Config\Cache), false)
 4 FCPATH\index.php(79): CodeIgniter\CodeIgniter->run()
 5 SYSTEMPATH\Commands\Server\rewrite.php(47): require_once('D:\\XAMPP - NEW2023\\XAMPP\\htdocs\\PPOB-Eddy\\public\\index.php')
CRITICAL - 2023-11-16 01:43:41 --> Invalid file: "beranda.php"
in SYSTEMPATH\Exceptions\FrameworkException.php on line 39.
 1 SYSTEMPATH\View\View.php(216): CodeIgniter\Exceptions\FrameworkException::forInvalidFile('beranda.php')
 2 SYSTEMPATH\Common.php(1190): CodeIgniter\View\View->render('beranda', [], true)
 3 APPPATH\Controllers\Main.php(18): view('beranda', [...])
 4 SYSTEMPATH\CodeIgniter.php(942): App\Controllers\Main->index()
 5 SYSTEMPATH\CodeIgniter.php(502): CodeIgniter\CodeIgniter->runController(Object(App\Controllers\Main))
 6 SYSTEMPATH\CodeIgniter.php(361): CodeIgniter\CodeIgniter->handleRequest(null, Object(Config\Cache), false)
 7 FCPATH\index.php(79): CodeIgniter\CodeIgniter->run()
 8 SYSTEMPATH\Commands\Server\rewrite.php(47): require_once('D:\\XAMPP - NEW2023\\XAMPP\\htdocs\\PPOB-Eddy\\public\\index.php')
CRITICAL - 2023-11-16 01:44:00 --> Invalid file: "index.php"
in SYSTEMPATH\Exceptions\FrameworkException.php on line 39.
 1 SYSTEMPATH\View\View.php(216): CodeIgniter\Exceptions\FrameworkException::forInvalidFile('index.php')
 2 SYSTEMPATH\Common.php(1190): CodeIgniter\View\View->render('index', [], true)
 3 APPPATH\Controllers\Main.php(18): view('index', [...])
 4 SYSTEMPATH\CodeIgniter.php(942): App\Controllers\Main->index()
 5 SYSTEMPATH\CodeIgniter.php(502): CodeIgniter\CodeIgniter->runController(Object(App\Controllers\Main))
 6 SYSTEMPATH\CodeIgniter.php(361): CodeIgniter\CodeIgniter->handleRequest(null, Object(Config\Cache), false)
 7 FCPATH\index.php(79): CodeIgniter\CodeIgniter->run()
 8 SYSTEMPATH\Commands\Server\rewrite.php(47): require_once('D:\\XAMPP - NEW2023\\XAMPP\\htdocs\\PPOB-Eddy\\public\\index.php')
CRITICAL - 2023-11-16 01:44:08 --> Invalid file: "layouts/default.php"
in SYSTEMPATH\Exceptions\FrameworkException.php on line 39.
 1 SYSTEMPATH\View\View.php(216): CodeIgniter\Exceptions\FrameworkException::forInvalidFile('layouts/default.php')
 2 SYSTEMPATH\View\View.php(244): CodeIgniter\View\View->render('layouts/default', [], true)
 3 SYSTEMPATH\Common.php(1190): CodeIgniter\View\View->render('dashboard/index', [], true)
 4 APPPATH\Controllers\Main.php(18): view('dashboard/index', [...])
 5 SYSTEMPATH\CodeIgniter.php(942): App\Controllers\Main->index()
 6 SYSTEMPATH\CodeIgniter.php(502): CodeIgniter\CodeIgniter->runController(Object(App\Controllers\Main))
 7 SYSTEMPATH\CodeIgniter.php(361): CodeIgniter\CodeIgniter->handleRequest(null, Object(Config\Cache), false)
 8 FCPATH\index.php(79): CodeIgniter\CodeIgniter->run()
 9 SYSTEMPATH\Commands\Server\rewrite.php(47): require_once('D:\\XAMPP - NEW2023\\XAMPP\\htdocs\\PPOB-Eddy\\public\\index.php')
CRITICAL - 2023-11-16 01:45:48 --> Call to undefined function extend()
in APPPATH\Views\dashboard\index.php on line 2.
 1 SYSTEMPATH\View\View.php(228): include()
 2 SYSTEMPATH\View\View.php(231): CodeIgniter\View\View->CodeIgniter\View\{closure}()
 3 SYSTEMPATH\Common.php(1190): CodeIgniter\View\View->render('dashboard/index', [], true)
 4 APPPATH\Controllers\Main.php(18): view('dashboard/index', [...])
 5 SYSTEMPATH\CodeIgniter.php(942): App\Controllers\Main->index()
 6 SYSTEMPATH\CodeIgniter.php(502): CodeIgniter\CodeIgniter->runController(Object(App\Controllers\Main))
 7 SYSTEMPATH\CodeIgniter.php(361): CodeIgniter\CodeIgniter->handleRequest(null, Object(Config\Cache), false)
 8 FCPATH\index.php(79): CodeIgniter\CodeIgniter->run()
 9 SYSTEMPATH\Commands\Server\rewrite.php(47): require_once('D:\\XAMPP - NEW2023\\XAMPP\\htdocs\\PPOB-Eddy\\public\\index.php')
CRITICAL - 2023-11-16 01:48:55 --> include(layout/default): Failed to open stream: No such file or directory
in APPPATH\Views\dashboard\index.php on line 2.
 1 APPPATH\Views\dashboard\index.php(2): CodeIgniter\Debug\Exceptions->errorHandler(2, 'include(layout/default): Failed to open stream: No such file or directory', 'D:\\XAMPP - NEW2023\\XAMPP\\htdocs\\PPOB-Eddy\\app\\Views\\dashboard\\index.php', 2)
 2 APPPATH\Views\dashboard\index.php(2): include()
 3 SYSTEMPATH\View\View.php(228): include('D:\\XAMPP - NEW2023\\XAMPP\\htdocs\\PPOB-Eddy\\app\\Views\\dashboard\\index.php')
 4 SYSTEMPATH\View\View.php(231): CodeIgniter\View\View->CodeIgniter\View\{closure}()
 5 SYSTEMPATH\Common.php(1190): CodeIgniter\View\View->render('dashboard/index', [], true)
 6 APPPATH\Controllers\Main.php(18): view('dashboard/index', [...])
 7 SYSTEMPATH\CodeIgniter.php(942): App\Controllers\Main->index()
 8 SYSTEMPATH\CodeIgniter.php(502): CodeIgniter\CodeIgniter->runController(Object(App\Controllers\Main))
 9 SYSTEMPATH\CodeIgniter.php(361): CodeIgniter\CodeIgniter->handleRequest(null, Object(Config\Cache), false)
10 FCPATH\index.php(79): CodeIgniter\CodeIgniter->run()
11 SYSTEMPATH\Commands\Server\rewrite.php(47): require_once('D:\\XAMPP - NEW2023\\XAMPP\\htdocs\\PPOB-Eddy\\public\\index.php')
CRITICAL - 2023-11-16 01:49:32 --> Invalid file: "layouts/default.php"
in SYSTEMPATH\Exceptions\FrameworkException.php on line 39.
 1 SYSTEMPATH\View\View.php(216): CodeIgniter\Exceptions\FrameworkException::forInvalidFile('layouts/default.php')
 2 SYSTEMPATH\View\View.php(244): CodeIgniter\View\View->render('layouts/default', [], true)
 3 SYSTEMPATH\Common.php(1190): CodeIgniter\View\View->render('dashboard/index', [], true)
 4 APPPATH\Controllers\Main.php(18): view('dashboard/index', [...])
 5 SYSTEMPATH\CodeIgniter.php(942): App\Controllers\Main->index()
 6 SYSTEMPATH\CodeIgniter.php(502): CodeIgniter\CodeIgniter->runController(Object(App\Controllers\Main))
 7 SYSTEMPATH\CodeIgniter.php(361): CodeIgniter\CodeIgniter->handleRequest(null, Object(Config\Cache), false)
 8 FCPATH\index.php(79): CodeIgniter\CodeIgniter->run()
 9 SYSTEMPATH\Commands\Server\rewrite.php(47): require_once('D:\\XAMPP - NEW2023\\XAMPP\\htdocs\\PPOB-Eddy\\public\\index.php')
CRITICAL - 2023-11-16 01:52:16 --> Invalid file: "navbar.php"
in SYSTEMPATH\Exceptions\FrameworkException.php on line 39.
 1 SYSTEMPATH\View\View.php(216): CodeIgniter\Exceptions\FrameworkException::forInvalidFile('navbar.php')
 2 SYSTEMPATH\View\View.php(469): CodeIgniter\View\View->render('navbar', null, true)
 3 APPPATH\Views\dashboard\index.php(5): CodeIgniter\View\View->include('navbar')
 4 SYSTEMPATH\View\View.php(228): include('D:\\XAMPP - NEW2023\\XAMPP\\htdocs\\PPOB-Eddy\\app\\Views\\dashboard\\index.php')
 5 SYSTEMPATH\View\View.php(231): CodeIgniter\View\View->CodeIgniter\View\{closure}()
 6 SYSTEMPATH\Common.php(1190): CodeIgniter\View\View->render('dashboard/index', [], true)
 7 APPPATH\Controllers\Main.php(18): view('dashboard/index', [...])
 8 SYSTEMPATH\CodeIgniter.php(942): App\Controllers\Main->index()
 9 SYSTEMPATH\CodeIgniter.php(502): CodeIgniter\CodeIgniter->runController(Object(App\Controllers\Main))
10 SYSTEMPATH\CodeIgniter.php(361): CodeIgniter\CodeIgniter->handleRequest(null, Object(Config\Cache), false)
11 FCPATH\index.php(79): CodeIgniter\CodeIgniter->run()
12 SYSTEMPATH\Commands\Server\rewrite.php(47): require_once('D:\\XAMPP - NEW2023\\XAMPP\\htdocs\\PPOB-Eddy\\public\\index.php')
CRITICAL - 2023-11-16 01:54:44 --> Invalid file: "layout/navbars.php"
in SYSTEMPATH\Exceptions\FrameworkException.php on line 39.
 1 SYSTEMPATH\View\View.php(216): CodeIgniter\Exceptions\FrameworkException::forInvalidFile('layout/navbars.php')
 2 SYSTEMPATH\View\View.php(469): CodeIgniter\View\View->render('layout/navbars', null, true)
 3 APPPATH\Views\dashboard\index.php(5): CodeIgniter\View\View->include('layout/navbars')
 4 SYSTEMPATH\View\View.php(228): include('D:\\XAMPP - NEW2023\\XAMPP\\htdocs\\PPOB-Eddy\\app\\Views\\dashboard\\index.php')
 5 SYSTEMPATH\View\View.php(231): CodeIgniter\View\View->CodeIgniter\View\{closure}()
 6 SYSTEMPATH\Common.php(1190): CodeIgniter\View\View->render('dashboard/index', [], true)
 7 APPPATH\Controllers\Main.php(18): view('dashboard/index', [...])
 8 SYSTEMPATH\CodeIgniter.php(942): App\Controllers\Main->index()
 9 SYSTEMPATH\CodeIgniter.php(502): CodeIgniter\CodeIgniter->runController(Object(App\Controllers\Main))
10 SYSTEMPATH\CodeIgniter.php(361): CodeIgniter\CodeIgniter->handleRequest(null, Object(Config\Cache), false)
11 FCPATH\index.php(79): CodeIgniter\CodeIgniter->run()
12 SYSTEMPATH\Commands\Server\rewrite.php(47): require_once('D:\\XAMPP - NEW2023\\XAMPP\\htdocs\\PPOB-Eddy\\public\\index.php')
CRITICAL - 2023-11-16 03:59:57 --> Invalid file: "dashboard/user_dasshboard.php"
in SYSTEMPATH\Exceptions\FrameworkException.php on line 39.
 1 SYSTEMPATH\View\View.php(216): CodeIgniter\Exceptions\FrameworkException::forInvalidFile('dashboard/user_dasshboard.php')
 2 SYSTEMPATH\View\View.php(469): CodeIgniter\View\View->render('dashboard/user_dasshboard', null, true)
 3 APPPATH\Views\dashboard\index.php(7): CodeIgniter\View\View->include('dashboard/user_dasshboard')
 4 SYSTEMPATH\View\View.php(228): include('D:\\XAMPP - NEW2023\\XAMPP\\htdocs\\PPOB-Eddy\\app\\Views\\dashboard\\index.php')
 5 SYSTEMPATH\View\View.php(231): CodeIgniter\View\View->CodeIgniter\View\{closure}()
 6 SYSTEMPATH\Common.php(1190): CodeIgniter\View\View->render('dashboard/index', [], true)
 7 APPPATH\Controllers\Main.php(18): view('dashboard/index', [...])
 8 SYSTEMPATH\CodeIgniter.php(942): App\Controllers\Main->index()
 9 SYSTEMPATH\CodeIgniter.php(502): CodeIgniter\CodeIgniter->runController(Object(App\Controllers\Main))
10 SYSTEMPATH\CodeIgniter.php(361): CodeIgniter\CodeIgniter->handleRequest(null, Object(Config\Cache), false)
11 FCPATH\index.php(79): CodeIgniter\CodeIgniter->run()
12 SYSTEMPATH\Commands\Server\rewrite.php(47): require_once('D:\\XAMPP - NEW2023\\XAMPP\\htdocs\\PPOB-Eddy\\public\\index.php')
CRITICAL - 2023-11-16 04:10:52 --> syntax error, unexpected token "<"
in APPPATH\Views\dashboard\user_dashboard.php on line 2.
 1 SYSTEMPATH\View\View.php(231): CodeIgniter\View\View->CodeIgniter\View\{closure}()
 2 SYSTEMPATH\View\View.php(469): CodeIgniter\View\View->render('dashboard/user_dashboard', null, true)
 3 APPPATH\Views\dashboard\index.php(7): CodeIgniter\View\View->include('dashboard/user_dashboard')
 4 SYSTEMPATH\View\View.php(228): include('D:\\XAMPP - NEW2023\\XAMPP\\htdocs\\PPOB-Eddy\\app\\Views\\dashboard\\index.php')
 5 SYSTEMPATH\View\View.php(231): CodeIgniter\View\View->CodeIgniter\View\{closure}()
 6 SYSTEMPATH\Common.php(1190): CodeIgniter\View\View->render('dashboard/index', [], true)
 7 APPPATH\Controllers\Main.php(18): view('dashboard/index', [...])
 8 SYSTEMPATH\CodeIgniter.php(942): App\Controllers\Main->index()
 9 SYSTEMPATH\CodeIgniter.php(502): CodeIgniter\CodeIgniter->runController(Object(App\Controllers\Main))
10 SYSTEMPATH\CodeIgniter.php(361): CodeIgniter\CodeIgniter->handleRequest(null, Object(Config\Cache), false)
11 FCPATH\index.php(79): CodeIgniter\CodeIgniter->run()
12 SYSTEMPATH\Commands\Server\rewrite.php(47): require_once('D:\\XAMPP - NEW2023\\XAMPP\\htdocs\\PPOB-Eddy\\public\\index.php')
CRITICAL - 2023-11-16 07:36:13 --> Invalid file: "transaction/toup.php"
in SYSTEMPATH\Exceptions\FrameworkException.php on line 39.
 1 SYSTEMPATH\View\View.php(216): CodeIgniter\Exceptions\FrameworkException::forInvalidFile('transaction/toup.php')
 2 SYSTEMPATH\Common.php(1190): CodeIgniter\View\View->render('transaction/toup', [], true)
 3 APPPATH\Controllers\Main.php(31): view('transaction/toup', [...])
 4 SYSTEMPATH\CodeIgniter.php(942): App\Controllers\Main->topup()
 5 SYSTEMPATH\CodeIgniter.php(502): CodeIgniter\CodeIgniter->runController(Object(App\Controllers\Main))
 6 SYSTEMPATH\CodeIgniter.php(361): CodeIgniter\CodeIgniter->handleRequest(null, Object(Config\Cache), false)
 7 FCPATH\index.php(79): CodeIgniter\CodeIgniter->run()
 8 SYSTEMPATH\Commands\Server\rewrite.php(47): require_once('D:\\XAMPP - NEW2023\\XAMPP\\htdocs\\PPOB-Eddy\\public\\index.php')
